<?xml version="1.0" encoding="UTF-8"?>
<testsuite xmlns:xsi="http://www.w3.org/2001/XMLSchema-instance" xsi:noNamespaceSchemaLocation="https://maven.apache.org/surefire/maven-surefire-plugin/xsd/surefire-test-report-3.0.xsd" version="3.0" name="com.library.model.UserTest" time="0.0" tests="7" errors="0" skipped="0" failures="0">
  <properties>
[...]
</properties>
  <testcase name="testIsAdmin_ShouldReturnFalseForUserRole" classname="com.library.model.UserTest" time="0.0"/>
  <testcase name="testPasswordField" classname="com.library.model.UserTest" time="0.0"/>
  <testcase name="testIsAdmin_ShouldReturnTrueForAdminRole" classname="com.library.model.UserTest" time="0.0"/>
  <testcase name="testUserConstructor" classname="com.library.model.UserTest" time="0.0"/>
  <testcase name="testIsAdmin_ShouldReturnFalseForNullRole" classname="com.library.model.UserTest" time="0.0"/>
  <testcase name="testTimestamps" classname="com.library.model.UserTest" time="0.0"/>
  <testcase name="testUserCreation" classname="com.library.model.UserTest" time="0.0"/>
</testsuite>