<?xml version="1.0" encoding="UTF-8"?>
<testsuite xmlns:xsi="http://www.w3.org/2001/XMLSchema-instance" xsi:noNamespaceSchemaLocation="https://maven.apache.org/surefire/maven-surefire-plugin/xsd/surefire-test-report-3.0.xsd" version="3.0" name="com.library.servlet.admin.AdminBookServletTest" time="0.757" tests="6" errors="0" skipped="0" failures="0">
  <properties>
[...]
</properties>
  <testcase name="testUpdateBookSuccess" classname="com.library.servlet.admin.AdminBookServletTest" time="0.708"/>
  <testcase name="testListBooks" classname="com.library.servlet.admin.AdminBookServletTest" time="0.008"/>
  <testcase name="testDeleteBookSuccess" classname="com.library.servlet.admin.AdminBookServletTest" time="0.012"/>
  <testcase name="testCreateBookSuccess" classname="com.library.servlet.admin.AdminBookServletTest" time="0.008"/>
  <testcase name="testCreateBookFailure" classname="com.library.servlet.admin.AdminBookServletTest" time="0.011"/>
  <testcase name="testShowEditForm" classname="com.library.servlet.admin.AdminBookServletTest" time="0.005"/>
</testsuite>